<?xml version="1.0" encoding="UTF-8"?>
<testng-results ignored="0" total="1" passed="1" failed="0" skipped="0">
  <reporter-output>
  </reporter-output>
  <suite started-at="2024-03-12T13:02:11 IST" name="Default suite" finished-at="2024-03-12T13:02:20 IST" duration-ms="9183">
    <groups>
    </groups>
    <test started-at="2024-03-12T13:02:11 IST" name="Default test" finished-at="2024-03-12T13:02:20 IST" duration-ms="9183">
      <class name="practice.BatchList">
        <test-method is-config="true" signature="bsconfig()[pri:0, instance:practice.BatchList@5f049ea1]" started-at="2024-03-12T13:02:11 IST" name="bsconfig" finished-at="2024-03-12T13:02:11 IST" duration-ms="24" status="PASS">
          <reporter-output>
          </reporter-output>
        </test-method> <!-- bsconfig -->
        <test-method is-config="true" signature="bcconfig()[pri:0, instance:practice.BatchList@5f049ea1]" started-at="2024-03-12T13:02:11 IST" name="bcconfig" finished-at="2024-03-12T13:02:17 IST" duration-ms="6134" status="PASS">
          <reporter-output>
          </reporter-output>
        </test-method> <!-- bcconfig -->
        <test-method is-config="true" signature="bmconfig()[pri:0, instance:practice.BatchList@5f049ea1]" started-at="2024-03-12T13:02:17 IST" name="bmconfig" finished-at="2024-03-12T13:02:18 IST" duration-ms="711" status="PASS">
          <reporter-output>
          </reporter-output>
        </test-method> <!-- bmconfig -->
        <test-method signature="fetchLastConversation()[pri:0, instance:practice.BatchList@5f049ea1]" started-at="2024-03-12T13:02:18 IST" name="fetchLastConversation" finished-at="2024-03-12T13:02:20 IST" duration-ms="1636" status="PASS">
          <reporter-output>
          </reporter-output>
        </test-method> <!-- fetchLastConversation -->
        <test-method is-config="true" signature="amconfig()[pri:0, instance:practice.BatchList@5f049ea1]" started-at="2024-03-12T13:02:20 IST" name="amconfig" finished-at="2024-03-12T13:02:20 IST" duration-ms="175" status="PASS">
          <reporter-output>
          </reporter-output>
        </test-method> <!-- amconfig -->
        <test-method is-config="true" signature="acconfig()[pri:0, instance:practice.BatchList@5f049ea1]" started-at="2024-03-12T13:02:20 IST" name="acconfig" finished-at="2024-03-12T13:02:20 IST" duration-ms="431" status="PASS">
          <reporter-output>
          </reporter-output>
        </test-method> <!-- acconfig -->
        <test-method is-config="true" signature="asconfig()[pri:0, instance:practice.BatchList@5f049ea1]" started-at="2024-03-12T13:02:20 IST" name="asconfig" finished-at="2024-03-12T13:02:20 IST" duration-ms="0" status="PASS">
          <reporter-output>
          </reporter-output>
        </test-method> <!-- asconfig -->
      </class> <!-- practice.BatchList -->
    </test> <!-- Default test -->
  </suite> <!-- Default suite -->
</testng-results>
